<?xml version="1.0" encoding="UTF-8"?>
<!-- Generated by org.testng.reporters.JUnitXMLReporter -->
<testsuite hostname="LAPTOP-FLHPVMKE" name="Test" tests="5" failures="1" timestamp="30 May 2018 02:27:08 GMT" time="6.159" errors="0">
  <testcase name="activeAdminDepot" time="5.163" classname="Amazonaws.org.AdminDepot.TestScriptFile"/>
  <testcase name="navigateToUsers" time="0.483" classname="Amazonaws.org.AdminDepot.TestScriptFile"/>
  <testcase name="navigateToNewUser" time="0.16" classname="Amazonaws.org.AdminDepot.TestScriptFile"/>
  <testcase name="CreateNewUser" time="0.297" classname="Amazonaws.org.AdminDepot.TestScriptFile"/>
  <testcase name="ValidateUserCreation" time="0.03" classname="Amazonaws.org.AdminDepot.TestScriptFile">
    <failure type="org.openqa.selenium.NoSuchElementException" message="Unable to locate element: .flash_notice
For documentation on this error, please visit: http://seleniumhq.org/exceptions/no_such_element.html
Build info: version: &amp;apos;3.11.0&amp;apos;, revision: &amp;apos;e59cfb3&amp;apos;, time: &amp;apos;2018-03-11T20:26:55.152Z&amp;apos;
System info: host: &amp;apos;LAPTOP-FLHPVMKE&amp;apos;, ip: &amp;apos;10.0.0.154&amp;apos;, os.name: &amp;apos;Windows 10&amp;apos;, os.arch: &amp;apos;amd64&amp;apos;, os.version: &amp;apos;10.0&amp;apos;, java.version: &amp;apos;1.8.0_161&amp;apos;
Driver info: org.openqa.selenium.firefox.FirefoxDriver
Capabilities {acceptInsecureCerts: true, browserName: firefox, browserVersion: 60.0.1, javascriptEnabled: true, moz:accessibilityChecks: false, moz:headless: false, moz:processID: 29288, moz:profile: C:\Users\Mani\AppData\Local..., moz:useNonSpecCompliantPointerOrigin: false, moz:webdriverClick: true, pageLoadStrategy: normal, platform: XP, platformName: XP, platformVersion: 10.0, rotatable: false, timeouts: {implicit: 0, pageLoad: 300000, script: 30000}}
Session ID: a0fd8e6d-7e31-496c-8938-11ba4bcf582d
*** Element info: {Using=class name, value=flash_notice}">
      <![CDATA[org.openqa.selenium.NoSuchElementException: Unable to locate element: .flash_notice
For documentation on this error, please visit: http://seleniumhq.org/exceptions/no_such_element.html
Build info: version: '3.11.0', revision: 'e59cfb3', time: '2018-03-11T20:26:55.152Z'
System info: host: 'LAPTOP-FLHPVMKE', ip: '10.0.0.154', os.name: 'Windows 10', os.arch: 'amd64', os.version: '10.0', java.version: '1.8.0_161'
Driver info: org.openqa.selenium.firefox.FirefoxDriver
Capabilities {acceptInsecureCerts: true, browserName: firefox, browserVersion: 60.0.1, javascriptEnabled: true, moz:accessibilityChecks: false, moz:headless: false, moz:processID: 29288, moz:profile: C:\Users\Mani\AppData\Local..., moz:useNonSpecCompliantPointerOrigin: false, moz:webdriverClick: true, pageLoadStrategy: normal, platform: XP, platformName: XP, platformVersion: 10.0, rotatable: false, timeouts: {implicit: 0, pageLoad: 300000, script: 30000}}
Session ID: a0fd8e6d-7e31-496c-8938-11ba4bcf582d
*** Element info: {Using=class name, value=flash_notice}
	at org.openqa.selenium.remote.http.W3CHttpResponseCodec.createException(W3CHttpResponseCodec.java:187)
	at org.openqa.selenium.remote.http.W3CHttpResponseCodec.decode(W3CHttpResponseCodec.java:122)
	at org.openqa.selenium.remote.http.W3CHttpResponseCodec.decode(W3CHttpResponseCodec.java:49)
	at org.openqa.selenium.remote.HttpCommandExecutor.execute(HttpCommandExecutor.java:158)
	at org.openqa.selenium.remote.service.DriverCommandExecutor.execute(DriverCommandExecutor.java:83)
	at org.openqa.selenium.remote.RemoteWebDriver.execute(RemoteWebDriver.java:545)
	at org.openqa.selenium.remote.RemoteWebDriver.findElement(RemoteWebDriver.java:319)
	at org.openqa.selenium.remote.RemoteWebDriver.findElementByClassName(RemoteWebDriver.java:405)
	at org.openqa.selenium.By$ByClassName.findElement(By.java:391)
	at org.openqa.selenium.remote.RemoteWebDriver.findElement(RemoteWebDriver.java:311)
	at Amazonaws.org.AdminDepot.TestScriptFile.ValidateUserCreation(TestScriptFile.java:44)
... Removed 28 stack frames]]>
    </failure>
  </testcase> <!-- ValidateUserCreation -->
</testsuite> <!-- Test -->
